<?xml version="1.0" encoding="UTF-8"?>
<testsuite xmlns:xsi="http://www.w3.org/2001/XMLSchema-instance" xsi:noNamespaceSchemaLocation="https://maven.apache.org/surefire/maven-surefire-plugin/xsd/surefire-test-report-3.0.xsd" version="3.0" name="LoginTest" time="0.094" tests="10" errors="1" skipped="0" failures="0">
  <properties>
[...]
</properties>
  <testcase name="testValidPassword" classname="LoginTest" time="0.028"/>
  <testcase name="testInvalidPassword_NoSpecial" classname="LoginTest" time="0.002"/>
  <testcase name="testLoginSuccess" classname="LoginTest" time="0.002"/>
  <testcase name="testLoginFail" classname="LoginTest" time="0.008">
    <error message="Cannot invoke &quot;String.equals(Object)&quot; because &quot;this.username&quot; is null" type="java.lang.NullPointerException"><![CDATA[java.lang.NullPointerException: Cannot invoke "String.equals(Object)" because "this.username" is null
	at com.mycompany.quickchat.Login.loginUser(Login.java:119)
	at LoginTest.testLoginFail(LoginTest.java:96)
	at java.base/java.lang.reflect.Method.invoke(Method.java:565)
	at java.base/java.util.ArrayList.forEach(ArrayList.java:1604)
	at java.base/java.util.ArrayList.forEach(ArrayList.java:1604)
]]></error>
  </testcase>
  <testcase name="testInvalidPassword_NoCapitalLetter" classname="LoginTest" time="0.002"/>
  <testcase name="testValidPhoneNumber" classname="LoginTest" time="0.002"/>
  <testcase name="testInvalidPhoneNumber" classname="LoginTest" time="0.001"/>
  <testcase name="testValidUsername" classname="LoginTest" time="0.001"/>
  <testcase name="testInvalidUsername_TooLong" classname="LoginTest" time="0.001"/>
  <testcase name="testInvalidUsername_NoUnderscore" classname="LoginTest" time="0.001"/>
</testsuite>